
**************************************************
   Exercice Laval
**************************************************


##################################################
   Question 2-1
##################################################

 Me                      =   0.15322382790153913     

##################################################
   Question 2-2
##################################################

 P/Pi                    =   0.93946969849401596     
 Pi_0                    =    107853.39874444646     
 A/Ac                    =    2.0350652623456793     
 R_crit                  =    8.4118607639030521E-002
 Col :
 Acol/Ac                 =    1.1447242100694446     
  Mcol                   =   0.64043479703118356     
 Entrée :
 Ainlet/Ac               =    22.611836248285336     
 Minlet                  =    2.5603022084233221E-002
 T/Ti                    =   0.99986891423776070     
 Tinlet                  =    349.95411998321623     
 a_inlet                 =    375.01997504639525     
 Uinlet                  =    9.6016447031414494     
 P/Pi                    =   0.99954127500494738     
 Pinlet                  =    107803.92369464101     
 rho_inlet               =    1.0731336236364382     
 Débit massique Qm       =    5.1792787948545982     

##################################################
   Question 2-3
##################################################

 P/Pi                    =  0.91875351828371499     
 Pi_O                    =   110285.29195652061     

##################################################
   Question 3-1
##################################################

 P/Pi                    =  0.12780452546295096     
 Pi_O                    =   792812.30170032545     

##################################################
   Question 3-2
##################################################

 Qm                      =    43.581954406481969     

##################################################
   Question 4-1
##################################################

  Si Pi > Pi0 cas précédent et/ou
 Pexit > Pa

##################################################
   Question 4-2
##################################################

 Me                      =    2.0000000000000000     
 P2/P1 à travers le choc =    4.5000000000000000     
 P exit                  =    22516.666666666668     
 P/Pi                    =  0.12780452546295096     
 Pi_O                    =   176180.51148896123     

##################################################
   Question 4-3
##################################################

 Mach exit avant le choc =    2.0000000000000000     
 Mach exit après le choc =   0.57735026918962573     

##################################################
   Question 4-4
##################################################

  On diminue de 20% Pi0 
 supposons que le choc se trouve dans la section de rayon =    0.11699999999999999     
 Mach amont              =    2.0017758496815801     
 Mach aval               =   0.57704682468048141     
 Nouvelle section critique=    9.6147957179553517E-002
 Pi derrière le choc    =    101486.19017311746     
 Pexit                  =    90378.796418766593     
 Pexit /Pa              =   0.89196937003470611     
 il faut diminuer Rchoc
 le choc se trouve plus proche du col
