
**************************************************
   Exercice Fanno 10.4
**************************************************


**************************************************
   Ecoulement supersonique choké, exercice 10.4
**************************************************

 M1                      =    3.0000000000000000     
 L (m)                   =    30.000000000000000     
 Dh (m)                  =    1.0000000000000000     
 F(M1)                   =   0.52215940817852169     
 L1 critique             =    16.317481505578801     
 Lcrit < L :  ==> Ecoulement supersonique avec choc
 Mx                      =    1.5000000000000000     
 L1                      =    12.065912212324228     
 Mach aval               =   0.70108874169309943     
 L2 critique             =    6.4387700608778893     
 L1+L2crit               =    18.504682273202118     

 Mx                      =    2.5000000000000000     
 L1                      =    2.8182099611340807     
 Mach aval               =   0.51298917604257699     
 L2 critique             =    30.250728455555304     
 L1+L2crit               =    33.068938416689384     

 Mx                      =    2.3060000000000000     
 L1                      =    4.2019934010836533     
 Mach aval               =   0.53369751855575731     
 L2 critique             =    25.805988050311150     
 L1+L2crit               =    30.007981451394805     
