
**************************************************
   Ecoulement de Rayleigh + Combustion, exercice 10.6
**************************************************

 u0                       =    80.000000000000000     
 P0                       =    14000.000000000000     
 T0                       =    290.00000000000000     
 q                        =    800000.00000000000     

##################################################
   Q1: Ti0 et Ti1
##################################################

 a0                       =    341.38767991830048     
 M0                       =   0.23433768910215294     
 T0/Ti0                   =   0.98913648167373691     
 Ti0                      =    293.18502084695672     
 Ra0                      =   0.22979196083563477     
 Ti1/Ti0                  =    3.7158795815657908     
 Ti1                      =    1089.4402325861472        1089.4402325861470     

##################################################
   Q2: M1 et P1
##################################################

 iter         tol                     M                      err Mach                    err F
   1  0.231941928695799E-01    0.611073103528444E+00    0.111073103528444E+00    0.231941928695799E-01
   2  0.947343526696232E-03    0.633354294497772E+00    0.222811909693280E-01    0.947343526696232E-03
   3  0.184992669349793E-05    0.634345048581515E+00    0.990754083743350E-03    0.184992669349793E-05
   4  0.710520531299608E-11    0.634346990862639E+00    0.194228112406021E-05    0.710520531299608E-11
   5  0.111022302462516E-15    0.634346990870099E+00    0.745997785686446E-11    0.111022302462516E-15
 Ra1                      =   0.85387925527710118     
 M1                       =   0.63434699087009927     
 P1/P0                    =   0.68882635470089482     
 T1/T0                    =    3.4768743204869494     
 P1                       =    9643.5689658125266     
 T1                       =    1008.2935529412154     

##################################################
   Q3: q_m
##################################################

 rho_0                    =   0.16817459213457045     
 qm                       =    13.453967370765636     

##################################################
   Q4: q_max
##################################################

 qmax                     =    987308.08465334482     
 Ti1                      =    1275.8715308437863     

##################################################
   Q5: q = 1600
##################################################

 iter         tol                     M                      err Mach                    err F
   1  0.734517878905332E-01    0.133759808967604E+00    0.366240191032396E+00    0.734517878905332E-01
   2  0.126109846870633E-01    0.196490370910538E+00    0.627305619429340E-01    0.126109846870633E-01
   3  0.163498446776988E-03    0.188346664160241E+00    0.814370675029669E-02    0.163498446776988E-03
   4  0.302466827140080E-07    0.188238241026108E+00    0.108423134133706E-03    0.302466827140080E-07
   5  0.971445146547012E-15    0.188238220960754E+00    0.200653534616104E-07    0.971445146547012E-15
 Ti0                      =    293.18502084695672     
 Ti1/Ti0                  =    6.4317591631315816     
 Ra0                      =   0.15547845848026226     
 M0                       =   0.18823822096075432     
 Ti1                      =    1885.6954443253376     

##################################################
   Q6: u0,T0,rho0
##################################################

 T1                       =    1571.4128702711148     
 u1                       =    794.68313811229189     

 Ti0                      =    293.18502084695672     
 T0                       =    291.12191969579811     
 P0                       =    14000.000000000000     
 rho0                     =   0.16752648433339304     
 u0                       =    64.386394772070631     
 débit                    =    10.786426355066951     

 P1/P0                    =   0.43733628290110738     
 T1/T0                    =    5.3977827293565532        5.3977827293565888     
 P1                       =    6122.7079606155030     
 rho1                     =    1.3573241758582209E-002
 débit                    =    10.786426355066913     

 Pi0                      =    14350.336539900934     
 Pi1/Pi0                  =   0.80763628064470994     
 Pi1                      =    11589.852429085468        11589.852429085466     
 vérification des vitesses =    12.342407754394218        12.342407754394177        12.342407754394261     
