
**************************************************
   Exercice Fanno 10.3
**************************************************


##################################################
   Ecoulement subsonique à section circulaire
##################################################

 M1                      =   0.29999999999999999     
 L (m)                   =    15.000000000000000     
 Dh (m)                  =   0.10000000000000001     
 F(M1)                   =    5.2992531050911520     
 RHS                     =    4.7999999999999998     
 Lcrit                   =    16.560165953409850     
 T/T*                                       :     1.1787819253438114     
 P/P*                                       :     3.6190574668364373     
 rho/rho*                                   :     3.0701670843662447     
 Pi/Pi*                                     :     2.0350652623456784     
  Ecoulement totalement subsonique
 iter         tol                     M                      err Mach                    err F
   1  0.286812919231485E+02    0.147059198057593E+00    0.470591980575927E-01    0.286812919231485E+02
   2  0.120832726424682E+02    0.212604716531917E+00    0.655455184743245E-01    0.120832726424682E+02
   3  0.487125286570061E+01    0.298505610996419E+00    0.859008944645017E-01    0.487125286570061E+01
   4  0.181196689997480E+01    0.399849983328904E+00    0.101344372332486E+00    0.181196689997480E+01
   5  0.574290488696670E+00    0.499451929826899E+00    0.996019464979949E-01    0.574290488696670E+00
   6  0.126006578134363E+00    0.569512940034814E+00    0.700610102079150E-01    0.126006578134363E+00
   7  0.108826228863422E-01    0.595191651521835E+00    0.256787114870207E-01    0.108826228863422E-01
   8  0.102325404497394E-03    0.597855249501172E+00    0.266359797933682E-02    0.102325404497394E-03
   9  0.927343435375150E-08    0.597880772775425E+00    0.255232742532498E-04    0.927343435375150E-08
  10  0.333066907387547E-15    0.597880775088940E+00    0.231351458182283E-08    0.333066907387547E-15
 F(M2)                   =   0.49925310509115217     
 M2                      =   0.59788077508893966     
 T/T*                                       :     1.1199334028302934     
 P/P*                                       :     1.7700335984134576     
 rho/rho*                                   :     1.5804811196274997     
 Pi/Pi*                                     :     1.1907177211456828     
 P2/P1                   =   0.48908690028642038     
 (P_i2-P_i1)/P_i1        =  -0.41489949085307209     

##################################################
   Ecoulement subsonique à section rectangulaire
##################################################

 M1                      =   0.50000000000000000     
 L (m)                   =    15.000000000000000     
 Dh (m)                  =   0.20000000000000001     
 F(M1)                   =    1.0690603127182559     
 F(M1)                   =    1.0690603127182559     
 L1 critique             =    6.6816269544890989     
 L2                      =    20.000000000000000     
 F2                      =    3.2000000000000002     
 iter         tol                     M                      err Mach                    err F
   1  0.268347474189418E+02    0.145145759802957E+00    0.451457598029573E-01    0.268347474189418E+02
   2  0.106625988132295E+02    0.204068347195217E+00    0.589225873922599E-01    0.106625988132295E+02
   3  0.373004503963356E+01    0.270804827232742E+00    0.667364800375254E-01    0.373004503963356E+01
   4  0.966862335855313E+00    0.327583107950625E+00    0.567782807178830E-01    0.966862335855313E+00
   5  0.118344825302829E+00    0.354806931449788E+00    0.272238234991630E-01    0.118344825302829E+00
   6  0.237536938590832E-02    0.359146590414007E+00    0.433965896421832E-02    0.237536938590832E-02
   7  0.100356886179043E-05    0.359237305803893E+00    0.907153898861180E-04    0.100356886179043E-05
   8  0.180300219199125E-12    0.359237344162608E+00    0.383587154950919E-07    0.180300219199125E-12
 Nouvel M1               =   0.35923734416260844     
 T/T*                                       :     1.1698069391091366     
 P/P*                                       :     3.0107564096662784     
 rho/rho*                                   :     2.5737207645212905     
 Pi/Pi*                                     :     1.7389053489987292     
 P2/P1                   =   0.33214244659229775     
 Qm(M1) propto           =   0.43191879926573795     
 Qm(M1_new) propto       =   0.33279770174778306     
 Variation relative qm   =  -0.22949012102844513     
