
**************************************************
   Exercice 11.2 : profil losangique
**************************************************


# PROFIL LOSANGIQUE : 1/2 angle au sommet :    10.00 alpha =     0.00

  k =            1  theta =    10.000000000000000     
  k =            2  theta =   -10.000000000000000     
  k =            3  theta =   -10.000000000000000     
  k =            4  theta =    10.000000000000000     
  k =            5  theta =    0.0000000000000000     
  k =            6  theta =    0.0000000000000000     

##################################################
   Q1: solutions par zones
##################################################

 solve case 
**************************************************
ZONE :   0
**************************************************
 indice amont         =            0
 Zone uniforme : Mach =    2.0000000000000000     
 calcul de T
             T/Ti =             0.5556                     T =           166.6667
               Ti =           300.0000
                a =           258.8053                      V=           517.6107
             P/Pi =             0.1278                    Pi =             7.8244
                P =             1.0000
               ac =           316.9705
             V/ac =             1.6330
**************************************************
ZONE :   1
**************************************************
 choc oblique entre la zone            0  et la zone            1
                                               Mach amont :         2.0000
                                     déviaton en degrés :        10.0000
 initialisation classique
--------------------------------------------------
iter    Sigma        dsigma          erreur
  1    30.00000     6.245230349     0.208174345
  2    36.24523     2.702353706     0.074557498
  3    38.94758     0.360971935     0.009268147
  4    39.30856     0.005376886     0.000136787
  5    39.31393    -0.000001032    -0.000000026
 convergence sur sigma
--------------------------------------------------
                                  ANGLE DU CHOC en degres :        39.3139
                              MACH NORMAL AMONT Mn (  0):         1.2671
                              MACH NORMAL AVAL  Mn (  1):         0.8032
                                      MACH AVAL  M (  1):         1.6405
                                      RAPPORT T/Ti (  1):         0.6501
                RAPPORT DES MASSES VOLUMIQUES rho  (  1 /   0):         1.4584
                           RAPPORT DES PRESSIONS P (  1 /   0):         1.7066
                  RAPPORT DES PRESSIONS TOTALES Pi (  1 /   0):         0.9846
                                              P/Pi (  1):         0.2215
                                tau= P(k)/P(0) =   (  1):         1.7066
                                                Pi (  1):         7.7043
                                                 P (  1):         1.7066
                                                Ti (  1):       300.0000
                                              T/Ti (  1):         0.6501
                                                 T (  1):       195.0252
                                                 a (  1):       279.9589
                                                 V (  1):       459.2787
                                                    ac =  :       316.9705
                                                  V/ac =  :         1.4490
**************************************************
ZONE :   2
**************************************************
 détente centrée isentropique : Mach =    1.6405222290357211     
                              déviaton en degrés :       -20.0000
                             OMEGA amont en degres (  1):        16.0581
 le type d onde n est pas precise avec type_caracteristique
 on fixe Mach(aval) avec nécessairement une détente 
 valeur cherchee en deg                     :     36.058127467937247     
 i =            1 erreur =   0.17557054504316727      dm =  0.35114109008633454      dM=    2.0000000000000000     
 i =            2 erreur =    8.7144566896312434E-003 dm =   2.0488917200769750E-002 dM=    2.3511410900863345     
 i =            3 erreur =    2.9915320283067656E-005 dm =   7.0948071260927808E-005 dM=    2.3716300072871044     
 i =            4 erreur =    4.9377466716876371E-009 dm =  -1.1710858498559158E-008 dM=    2.3717009553583654     
 convergence sur le Mach, iter              :             5
                             OMEGA amont en degres (  1):        16.0581
                             OMEGA amont en degres (  2):        36.0581
                                         MACH aval (  2):         2.3717
                                              P/Pi (  2):         0.0715
                                  tau (aval/amont) (  2):         0.3227
                                              T/Ti (  2):         0.4706
                                                 T (  2):       141.1769
                                                 a (  2):       238.1939
                                                 V (  2):       564.9248
                                       Pression P  (  2):         0.5508
                                   tau = P(k)/P(0) (  2):         0.5508
          Mach aval             2.3717     theta(aval) en degre          -10.0000
                                             ac =  :       316.9705
                                           V/ac =  :         1.7823
**************************************************
ZONE :   3
**************************************************
 choc oblique entre la zone            0  et la zone            3
                                               Mach amont :         2.0000
                                     déviaton en degrés :        10.0000
 initialisation classique
--------------------------------------------------
iter    Sigma        dsigma          erreur
  1    30.00000     6.245230349     0.208174345
  2    36.24523     2.702353706     0.074557498
  3    38.94758     0.360971935     0.009268147
  4    39.30856     0.005376886     0.000136787
  5    39.31393    -0.000001032    -0.000000026
 convergence sur sigma
--------------------------------------------------
                                  ANGLE DU CHOC en degres :        39.3139
                              MACH NORMAL AMONT Mn (  0):         1.2671
                              MACH NORMAL AVAL  Mn (  3):         0.8032
                                      MACH AVAL  M (  3):         1.6405
                                      RAPPORT T/Ti (  3):         0.6501
                RAPPORT DES MASSES VOLUMIQUES rho  (  3 /   0):         1.4584
                           RAPPORT DES PRESSIONS P (  3 /   0):         1.7066
                  RAPPORT DES PRESSIONS TOTALES Pi (  3 /   0):         0.9846
                                              P/Pi (  3):         0.2215
                                tau= P(k)/P(0) =   (  3):         1.7066
                                                Pi (  3):         7.7043
                                                 P (  3):         1.7066
                                                Ti (  3):       300.0000
                                              T/Ti (  3):         0.6501
                                                 T (  3):       195.0252
                                                 a (  3):       279.9589
                                                 V (  3):       459.2787
                                                    ac =  :       316.9705
                                                  V/ac =  :         1.4490
**************************************************
ZONE :   4
**************************************************
 détente centrée isentropique : Mach =    1.6405222290357211     
                              déviaton en degrés :        20.0000
                             OMEGA amont en degres (  3):        16.0581
 le type d onde n est pas precise avec type_caracteristique
 on fixe Mach(aval) avec nécessairement une détente 
 valeur cherchee en deg                     :     36.058127467937247     
 i =            1 erreur =   0.17557054504316727      dm =  0.35114109008633454      dM=    2.0000000000000000     
 i =            2 erreur =    8.7144566896312434E-003 dm =   2.0488917200769750E-002 dM=    2.3511410900863345     
 i =            3 erreur =    2.9915320283067656E-005 dm =   7.0948071260927808E-005 dM=    2.3716300072871044     
 i =            4 erreur =    4.9377466716876371E-009 dm =  -1.1710858498559158E-008 dM=    2.3717009553583654     
 convergence sur le Mach, iter              :             5
                             OMEGA amont en degres (  3):        16.0581
                             OMEGA amont en degres (  4):        36.0581
                                         MACH aval (  4):         2.3717
                                              P/Pi (  4):         0.0715
                                  tau (aval/amont) (  4):         0.3227
                                              T/Ti (  4):         0.4706
                                                 T (  4):       141.1769
                                                 a (  4):       238.1939
                                                 V (  4):       564.9248
                                       Pression P  (  4):         0.5508
                                   tau = P(k)/P(0) (  4):         0.5508
          Mach aval             2.3717     theta(aval) en degre           10.0000
                                             ac =  :       316.9705
                                           V/ac =  :         1.7823
**************************************************
ZONE :   5
**************************************************
 choc oblique entre la zone            2  et la zone            5
                                               Mach amont :         2.3717
                                     déviaton en degrés :        10.0000
 initialisation classique
--------------------------------------------------
iter    Sigma        dsigma          erreur
  1    24.93806     5.569849826     0.223347316
  2    30.50791     2.513061056     0.082374069
  3    33.02098     0.351155931     0.010634329
  4    33.37213     0.005596623     0.000167703
  5    33.37773    -0.000001122    -0.000000034
 convergence sur sigma
--------------------------------------------------
                                  ANGLE DU CHOC en degres :        33.3777
                              MACH NORMAL AMONT Mn (  2):         1.3048
                              MACH NORMAL AVAL  Mn (  5):         0.7835
                                      MACH AVAL  M (  5):         1.9747
                                      RAPPORT T/Ti (  5):         0.5618
                RAPPORT DES MASSES VOLUMIQUES rho  (  5 /   2):         1.5241
                           RAPPORT DES PRESSIONS P (  5 /   2):         1.8196
                  RAPPORT DES PRESSIONS TOTALES Pi (  5 /   2):         0.9785
                                              P/Pi (  5):         0.1329
                                tau= P(k)/P(0) =   (  5):         1.0022
                                                Pi (  5):         7.5389
                                                 P (  5):         1.0022
                                                Ti (  5):       300.0000
                                              T/Ti (  5):         0.5618
                                                 T (  5):       168.5527
                                                 a (  5):       260.2656
                                                 V (  5):       513.9367
                                                    ac =  :       316.9705
                                                  V/ac =  :         1.6214
**************************************************
ZONE :   6
**************************************************
 choc oblique entre la zone            4  et la zone            6
                                               Mach amont :         2.3717
                                     déviaton en degrés :        10.0000
 initialisation classique
--------------------------------------------------
iter    Sigma        dsigma          erreur
  1    24.93806     5.569849826     0.223347316
  2    30.50791     2.513061056     0.082374069
  3    33.02098     0.351155931     0.010634329
  4    33.37213     0.005596623     0.000167703
  5    33.37773    -0.000001122    -0.000000034
 convergence sur sigma
--------------------------------------------------
                                  ANGLE DU CHOC en degres :        33.3777
                              MACH NORMAL AMONT Mn (  4):         1.3048
                              MACH NORMAL AVAL  Mn (  6):         0.7835
                                      MACH AVAL  M (  6):         1.9747
                                      RAPPORT T/Ti (  6):         0.5618
                RAPPORT DES MASSES VOLUMIQUES rho  (  6 /   4):         1.5241
                           RAPPORT DES PRESSIONS P (  6 /   4):         1.8196
                  RAPPORT DES PRESSIONS TOTALES Pi (  6 /   4):         0.9785
                                              P/Pi (  6):         0.1329
                                tau= P(k)/P(0) =   (  6):         1.0022
                                                Pi (  6):         7.5389
                                                 P (  6):         1.0022
                                                Ti (  6):       300.0000
                                              T/Ti (  6):         0.5618
                                                 T (  6):       168.5527
                                                 a (  6):       260.2656
                                                 V (  6):       513.9367
                                                    ac =  :       316.9705
                                                  V/ac =  :         1.6214

#********************************************************************************
# BILAN
#********************************************************************************
# i        Mach           P/P0          P             Pi              theta          sigma          Omega              Commentaire                         T             V             a
   0        2.0000         1.0000         1.0000         7.8244         0.0000         0.0000         0.0000             uniforme amont                    166.6667       517.6107       258.8053
   1        1.6405         1.7066         1.7066         7.7043        10.0000        39.3139        16.0581             choc oblique                      195.0252       459.2787       279.9589
   2        2.3717         0.5508         0.5508         7.7043       -10.0000         0.0000        36.0581             détente isentropique             141.1769       564.9248       238.1939
   3        1.6405         1.7066         1.7066         7.7043       -10.0000        39.3139        16.0581             choc oblique                      195.0252       459.2787       279.9589
   4        2.3717         0.5508         0.5508         7.7043        10.0000         0.0000        36.0581             détente isentropique             141.1769       564.9248       238.1939
   5        1.9747         1.0022         1.0022         7.5389         0.0000        33.3777         0.0000             choc oblique                      168.5527       513.9367       260.2656
   6        1.9747         1.0022         1.0022         7.5389         0.0000        33.3777         0.0000             choc oblique                      168.5527       513.9367       260.2656

##################################################
   Q2: Coefficients de portance et de trainée
##################################################

 coefficients aérodynamiques
# zone    Kp         theta (°)        P/P0     Kp tan(theta)     Kp theta   longueur   extrados/intrados
  1     0.25235      10.00000       1.70658       0.04450       0.04404       0.50000   1
  2    -0.16043     -10.00000       0.55078       0.02829       0.02800       0.50000   1
  3     0.25235     -10.00000       1.70658      -0.04450      -0.04404       0.50000  -1
  4    -0.16043      10.00000       0.55078      -0.02829      -0.02800       0.50000  -1
#   CL Total par projection du Kp des panneaux    =       -0.00000
#   CD Total par projection du Kp des panneaux    =        0.07278
#  CL theorie linéaire : 4 alpha/beta            =        0.00000
#  CD theorie linéaire : 4 alpha^2/beta          =        0.00000   pour la plaque plane (pas de CD0)
#  CD theorie linéaire : int theta^2 dx (pente)  =        0.07180  pour un corps quelconque
#  CD theorie linéaire : int theta^2 dx (angle)  =        0.07035  pour un corps quelconque

# PROFIL LOSANGIQUE : 1/2 angle au sommet :    10.00 alpha =     8.00

  k =            1  theta =    2.0000000000000000     
  k =            2  theta =   -18.000000000000000     
  k =            3  theta =   -18.000000000000000     
  k =            4  theta =    2.0000000000000000     
  k =            5  theta =    0.0000000000000000     
  k =            6  theta =    0.0000000000000000     

##################################################
   Q1: solutions par zones
##################################################

 solve case 
**************************************************
ZONE :   0
**************************************************
 indice amont         =            0
 Zone uniforme : Mach =    2.0000000000000000     
 calcul de T
             T/Ti =             0.5556                     T =           166.6667
               Ti =           300.0000
                a =           258.8053                      V=           517.6107
             P/Pi =             0.1278                    Pi =             7.8244
                P =             1.0000
               ac =           316.9705
             V/ac =             1.6330
**************************************************
ZONE :   1
**************************************************
 choc oblique entre la zone            0  et la zone            1
                                               Mach amont :         2.0000
                                     déviaton en degrés :         2.0000
 initialisation classique
--------------------------------------------------
iter    Sigma        dsigma          erreur
  1    30.00000     1.519847706     0.050661590
  2    31.51985     0.125736138     0.003989110
  3    31.64558     0.000704912     0.000022275
  4    31.64629    -0.000000314    -0.000000010
 convergence sur sigma
--------------------------------------------------
                                  ANGLE DU CHOC en degres :        31.6463
                              MACH NORMAL AMONT Mn (  0):         1.0493
                              MACH NORMAL AVAL  Mn (  1):         0.9537
                                      MACH AVAL  M (  1):         1.9281
                                      RAPPORT T/Ti (  1):         0.5736
                RAPPORT DES MASSES VOLUMIQUES rho  (  1 /   0):         1.0829
                           RAPPORT DES PRESSIONS P (  1 /   0):         1.1180
                  RAPPORT DES PRESSIONS TOTALES Pi (  1 /   0):         0.9999
                                              P/Pi (  1):         0.1429
                                tau= P(k)/P(0) =   (  1):         1.1180
                                                Pi (  1):         7.8233
                                                 P (  1):         1.1180
                                                Ti (  1):       300.0000
                                              T/Ti (  1):         0.5736
                                                 T (  1):       172.0700
                                                 a (  1):       262.9671
                                                 V (  1):       507.0141
                                                    ac =  :       316.9705
                                                  V/ac =  :         1.5996
**************************************************
ZONE :   2
**************************************************
 détente centrée isentropique : Mach =    1.9280511078213749     
                              déviaton en degrés :       -20.0000
                             OMEGA amont en degres (  1):        24.3770
 le type d onde n est pas precise avec type_caracteristique
 on fixe Mach(aval) avec nécessairement une détente 
 valeur cherchee en deg                     :     44.377036491818750     
 i =            1 erreur =   0.32647983001070563      dm =  0.65295966002141126      dM=    2.0000000000000000     
 i =            2 erreur =    3.0500501073182806E-002 dm =   8.0916598957593747E-002 dM=    2.6529596600214114     
 i =            3 erreur =    4.5829791200089931E-004 dm =   1.2529297811589080E-003 dM=    2.7338762589790053     
 i =            4 erreur =    2.2130237827636544E-008 dm =   6.0529059436573038E-008 dM=    2.7351291887601641     
 convergence sur le Mach, iter              :             5
                             OMEGA amont en degres (  1):        24.3770
                             OMEGA amont en degres (  2):        44.3770
                                         MACH aval (  2):         2.7351
                                              P/Pi (  2):         0.0407
                                  tau (aval/amont) (  2):         0.2848
                                              T/Ti (  2):         0.4006
                                                 T (  2):       120.1833
                                                 a (  2):       219.7713
                                                 V (  2):       601.1029
                                       Pression P  (  2):         0.3184
                                   tau = P(k)/P(0) (  2):         0.3184
          Mach aval             2.7351     theta(aval) en degre          -18.0000
                                             ac =  :       316.9705
                                           V/ac =  :         1.8964
**************************************************
ZONE :   3
**************************************************
 choc oblique entre la zone            0  et la zone            3
                                               Mach amont :         2.0000
                                     déviaton en degrés :        18.0000
 initialisation classique
--------------------------------------------------
iter    Sigma        dsigma          erreur
  1    30.00000     9.415372242     0.313845741
  2    39.41537     6.999937576     0.177594100
  3    46.41531     2.927191826     0.063065222
  4    49.34250     0.434041377     0.008796501
  5    49.77654     0.008589860     0.000172568
  6    49.78513    -0.000000557    -0.000000011
 convergence sur sigma
--------------------------------------------------
                                  ANGLE DU CHOC en degres :        49.7851
                              MACH NORMAL AMONT Mn (  0):         1.5273
                              MACH NORMAL AVAL  Mn (  3):         0.6917
                                      MACH AVAL  M (  3):         1.3131
                                      RAPPORT T/Ti (  3):         0.7436
                RAPPORT DES MASSES VOLUMIQUES rho  (  3 /   0):         1.9086
                           RAPPORT DES PRESSIONS P (  3 /   0):         2.5546
                  RAPPORT DES PRESSIONS TOTALES Pi (  3 /   0):         0.9209
                                              P/Pi (  3):         0.3545
                                tau= P(k)/P(0) =   (  3):         2.5546
                                                Pi (  3):         7.2057
                                                 P (  3):         2.5546
                                                Ti (  3):       300.0000
                                              T/Ti (  3):         0.7436
                                                 T (  3):       223.0740
                                                 a (  3):       299.4149
                                                 V (  3):       393.1609
                                                    ac =  :       316.9705
                                                  V/ac =  :         1.2404
**************************************************
ZONE :   4
**************************************************
 détente centrée isentropique : Mach =    1.3130976491419337     
                              déviaton en degrés :        20.0000
                             OMEGA amont en degres (  3):         6.5303
 le type d onde n est pas precise avec type_caracteristique
 on fixe Mach(aval) avec nécessairement une détente 
 valeur cherchee en deg                     :     26.530320880413267     
 i =            1 erreur =    2.7312369915245926E-003 dm =   5.4624739830491853E-003 dM=    2.0000000000000000     
 i =            2 erreur =    1.6942830254536263E-006 dm =   3.3978210278537152E-006 dM=    2.0054624739830493     
 i =            3 erreur =    2.3613181720531879E-010 dm =  -4.7355430065234556E-010 dM=    2.0054658718040770     
 convergence sur le Mach, iter              :             4
                             OMEGA amont en degres (  3):         6.5303
                             OMEGA amont en degres (  4):        26.5303
                                         MACH aval (  4):         2.0055
                                              P/Pi (  4):         0.1267
                                  tau (aval/amont) (  4):         0.3574
                                              T/Ti (  4):         0.5542
                                                 T (  4):       166.2622
                                                 a (  4):       258.4911
                                                 V (  4):       518.3951
                                       Pression P  (  4):         0.9131
                                   tau = P(k)/P(0) (  4):         0.9131
          Mach aval             2.0055     theta(aval) en degre            2.0000
                                             ac =  :       316.9705
                                           V/ac =  :         1.6355
**************************************************
ZONE :   5
**************************************************
 choc oblique entre la zone            2  et la zone            5
                                               Mach amont :         2.7351
                                     déviaton en degrés :        18.0000
 initialisation classique
--------------------------------------------------
iter    Sigma        dsigma          erreur
  1    21.44534     7.647858260     0.356620994
  2    29.09320     5.993254385     0.206001913
  3    35.08645     2.391093079     0.068148614
  4    37.47755     0.276842385     0.007386887
  5    37.75439     0.003138940     0.000083141
  6    37.75753    -0.000000900    -0.000000024
 convergence sur sigma
--------------------------------------------------
                                  ANGLE DU CHOC en degres :        37.7575
                              MACH NORMAL AMONT Mn (  2):         1.6748
                              MACH NORMAL AVAL  Mn (  5):         0.6472
                                      MACH AVAL  M (  5):         1.9145
                                      RAPPORT T/Ti (  5):         0.5770
                RAPPORT DES MASSES VOLUMIQUES rho  (  5 /   2):         2.1563
                           RAPPORT DES PRESSIONS P (  5 /   2):         3.1057
                  RAPPORT DES PRESSIONS TOTALES Pi (  5 /   2):         0.8661
                                              P/Pi (  5):         0.1459
                                tau= P(k)/P(0) =   (  5):         0.9887
                                                Pi (  5):         6.7755
                                                 P (  5):         0.9887
                                                Ti (  5):       300.0000
                                              T/Ti (  5):         0.5770
                                                 T (  5):       173.1026
                                                 a (  5):       263.7549
                                                 V (  5):       504.9639
                                                    ac =  :       316.9705
                                                  V/ac =  :         1.5931
**************************************************
ZONE :   6
**************************************************
 choc oblique entre la zone            4  et la zone            6
                                               Mach amont :         2.0055
                                     déviaton en degrés :         2.0000
 initialisation classique
--------------------------------------------------
iter    Sigma        dsigma          erreur
  1    29.90988     1.516955624     0.050717539
  2    31.42684     0.125612062     0.003996968
  3    31.55245     0.000705359     0.000022355
  4    31.55316    -0.000000315    -0.000000010
 convergence sur sigma
--------------------------------------------------
                                  ANGLE DU CHOC en degres :        31.5532
                              MACH NORMAL AMONT Mn (  4):         1.0494
                              MACH NORMAL AVAL  Mn (  6):         0.9536
                                      MACH AVAL  M (  6):         1.9334
                                      RAPPORT T/Ti (  6):         0.5722
                RAPPORT DES MASSES VOLUMIQUES rho  (  6 /   4):         1.0830
                           RAPPORT DES PRESSIONS P (  6 /   4):         1.1182
                  RAPPORT DES PRESSIONS TOTALES Pi (  6 /   4):         0.9999
                                              P/Pi (  6):         0.1417
                                tau= P(k)/P(0) =   (  6):         1.0211
                                                Pi (  6):         7.2047
                                                 P (  6):         1.0211
                                                Ti (  6):       300.0000
                                              T/Ti (  6):         0.5722
                                                 T (  6):       171.6623
                                                 a (  6):       262.6554
                                                 V (  6):       507.8214
                                                    ac =  :       316.9705
                                                  V/ac =  :         1.6021

#********************************************************************************
# BILAN
#********************************************************************************
# i        Mach           P/P0          P             Pi              theta          sigma          Omega              Commentaire                         T             V             a
   0        2.0000         1.0000         1.0000         7.8244         0.0000         0.0000         0.0000             uniforme amont                    166.6667       517.6107       258.8053
   1        1.9281         1.1180         1.1180         7.8233         2.0000        31.6463        24.3770             choc oblique                      172.0700       507.0141       262.9671
   2        2.7351         0.3184         0.3184         7.8233       -18.0000         0.0000        44.3770             détente isentropique             120.1833       601.1029       219.7713
   3        1.3131         2.5546         2.5546         7.2057       -18.0000        49.7851         6.5303             choc oblique                      223.0740       393.1609       299.4149
   4        2.0055         0.9131         0.9131         7.2057         2.0000         0.0000        26.5303             détente isentropique             166.2622       518.3951       258.4911
   5        1.9145         0.9887         0.9887         6.7755         0.0000        37.7575         0.0000             choc oblique                      173.1026       504.9639       263.7549
   6        1.9334         1.0211         1.0211         7.2047         0.0000        31.5532         0.0000             choc oblique                      171.6623       507.8214       262.6554

##################################################
   Q2: Coefficients de portance et de trainée
##################################################

 coefficients aérodynamiques
# zone    Kp         theta (°)        P/P0     Kp tan(theta)     Kp theta   longueur   extrados/intrados
  1     0.04214       2.00000       1.11799       0.00147       0.00147       0.50000   1
  2    -0.24344     -18.00000       0.31836       0.07910       0.07648       0.50000   1
  3     0.55521     -18.00000       2.55460      -0.18040      -0.17443       0.50000  -1
  4    -0.03103       2.00000       0.91312      -0.00108      -0.00108       0.50000  -1
#   CL Total par projection du Kp des panneaux    =        0.36275
#   CD Total par projection du Kp des panneaux    =        0.13103
#  CL theorie linéaire : 4 alpha/beta            =        0.32245
#  CD theorie linéaire : 4 alpha^2/beta          =        0.04502   pour la plaque plane (pas de CD0)
#  CD theorie linéaire : int theta^2 dx (pente)  =        0.12331  pour un corps quelconque
#  CD theorie linéaire : int theta^2 dx (angle)  =        0.11537  pour un corps quelconque

# PROFIL LOSANGIQUE : 1/2 angle au sommet :    10.00 alpha =    10.00

  k =            1  theta =    0.0000000000000000     
  k =            2  theta =   -20.000000000000000     
  k =            3  theta =   -20.000000000000000     
  k =            4  theta =    0.0000000000000000     
  k =            5  theta =    0.0000000000000000     
  k =            6  theta =    0.0000000000000000     

##################################################
   Q1: solutions par zones
##################################################

 solve case 
**************************************************
ZONE :   0
**************************************************
 indice amont         =            0
 Zone uniforme : Mach =    2.0000000000000000     
 calcul de T
             T/Ti =             0.5556                     T =           166.6667
               Ti =           300.0000
                a =           258.8053                      V=           517.6107
             P/Pi =             0.1278                    Pi =             7.8244
                P =             1.0000
               ac =           316.9705
             V/ac =             1.6330
**************************************************
ZONE :   1
**************************************************
 Zone uniforme : Mach =    2.0000000000000000     
 il ne se passe rien
  comme dans la zone            0
                                                 M (  1):         2.0000
                                                Ti (  1):       300.0000
                                              T/Ti (  1):         0.5556
                                              P/Pi (  1):         0.1278
                                                 T (  1):       166.6667
                                                 a (  1):       258.8053
                                                 V (  1):       517.6107
